This is pdfTeX, Version 3.14159265-2.6-1.40.18 (MiKTeX 2.9.6350) (preloaded format=pdflatex 2017.7.18)  13 OCT 2017 16:24
entering extended mode
**./Lecture9_printme.tex
(Lecture9_printme.tex
LaTeX2e <2017-04-15>
Babel <3.12> and hyphenation patterns for 72 language(s) loaded.
("C:\Program Files (x86)\MiKTeX 2.9\tex\latex\base\article.cls"
Document Class: article 2014/09/29 v1.4h Standard LaTeX document class
("C:\Program Files (x86)\MiKTeX 2.9\tex\latex\base\size10.clo"
File: size10.clo 2014/09/29 v1.4h Standard LaTeX file (size option)
)
\c@part=\count79
\c@section=\count80
\c@subsection=\count81
\c@subsubsection=\count82
\c@paragraph=\count83
\c@subparagraph=\count84
\c@figure=\count85
\c@table=\count86
\abovecaptionskip=\skip41
\belowcaptionskip=\skip42
\bibindent=\dimen102
)
("C:\Program Files (x86)\MiKTeX 2.9\tex\latex\pdfpages\pdfpages.sty"
Package: pdfpages 2017/07/14 v0.5j Insert pages of external PDF documents (AM)

("C:\Program Files (x86)\MiKTeX 2.9\tex\latex\base\ifthen.sty"
Package: ifthen 2014/09/29 v1.1c Standard LaTeX ifthen package (DPC)
)
("C:\Program Files (x86)\MiKTeX 2.9\tex\latex\tools\calc.sty"
Package: calc 2014/10/28 v4.3 Infix arithmetic (KKT,FJ)
\calc@Acount=\count87
\calc@Bcount=\count88
\calc@Adimen=\dimen103
\calc@Bdimen=\dimen104
\calc@Askip=\skip43
\calc@Bskip=\skip44
LaTeX Info: Redefining \setlength on input line 80.
LaTeX Info: Redefining \addtolength on input line 81.
\calc@Ccount=\count89
\calc@Cskip=\skip45
)
("C:\Program Files (x86)\MiKTeX 2.9\tex\latex\eso-pic\eso-pic.sty"
Package: eso-pic 2015/07/21 v2.0g eso-pic (RN)

("C:\Program Files (x86)\MiKTeX 2.9\tex\generic\oberdiek\atbegshi.sty"
Package: atbegshi 2016/06/09 v1.18 At begin shipout hook (HO)

("C:\Program Files (x86)\MiKTeX 2.9\tex\generic\oberdiek\infwarerr.sty"
Package: infwarerr 2016/05/16 v1.4 Providing info/warning/error messages (HO)
)
("C:\Program Files (x86)\MiKTeX 2.9\tex\generic\oberdiek\ltxcmds.sty"
Package: ltxcmds 2016/05/16 v1.23 LaTeX kernel commands for general use (HO)
)
("C:\Program Files (x86)\MiKTeX 2.9\tex\generic\oberdiek\ifpdf.sty"
Package: ifpdf 2017/03/15 v3.2 Provides the ifpdf switch
))
("C:\Program Files (x86)\MiKTeX 2.9\tex\latex\graphics\keyval.sty"
Package: keyval 2014/10/28 v1.15 key=value parser (DPC)
\KV@toks@=\toks14
)
("C:\Program Files (x86)\MiKTeX 2.9\tex\latex\xcolor\xcolor.sty"
Package: xcolor 2016/05/11 v2.12 LaTeX color extensions (UK)

("C:\Program Files (x86)\MiKTeX 2.9\tex\latex\graphics-cfg\color.cfg"
File: color.cfg 2016/01/02 v1.6 sample color configuration
)
Package xcolor Info: Driver file: pdftex.def on input line 225.

("C:\Program Files (x86)\MiKTeX 2.9\tex\latex\graphics-def\pdftex.def"
File: pdftex.def 2017/06/24 v1.0g Graphics/color driver for pdftex
)
Package xcolor Info: Model `cmy' substituted by `cmy0' on input line 1348.
Package xcolor Info: Model `hsb' substituted by `rgb' on input line 1352.
Package xcolor Info: Model `RGB' extended on input line 1364.
Package xcolor Info: Model `HTML' substituted by `rgb' on input line 1366.
Package xcolor Info: Model `Hsb' substituted by `hsb' on input line 1367.
Package xcolor Info: Model `tHsb' substituted by `hsb' on input line 1368.
Package xcolor Info: Model `HSB' substituted by `hsb' on input line 1369.
Package xcolor Info: Model `Gray' substituted by `gray' on input line 1370.
Package xcolor Info: Model `wave' substituted by `hsb' on input line 1371.
))
("C:\Program Files (x86)\MiKTeX 2.9\tex\latex\graphics\graphicx.sty"
Package: graphicx 2017/06/01 v1.1a Enhanced LaTeX Graphics (DPC,SPQR)

("C:\Program Files (x86)\MiKTeX 2.9\tex\latex\graphics\graphics.sty"
Package: graphics 2017/06/25 v1.2c Standard LaTeX Graphics (DPC,SPQR)

("C:\Program Files (x86)\MiKTeX 2.9\tex\latex\graphics\trig.sty"
Package: trig 2016/01/03 v1.10 sin cos tan (DPC)
)
("C:\Program Files (x86)\MiKTeX 2.9\tex\latex\graphics-cfg\graphics.cfg"
File: graphics.cfg 2016/06/04 v1.11 sample graphics configuration
)
Package graphics Info: Driver file: pdftex.def on input line 99.
)
\Gin@req@height=\dimen105
\Gin@req@width=\dimen106
)
\AM@pagewidth=\dimen107
\AM@pageheight=\dimen108

("C:\Program Files (x86)\MiKTeX 2.9\tex\latex\pdfpages\pppdftex.def"
File: pppdftex.def 2017/07/14 v0.5j Pdfpages driver for pdfTeX (AM)
)
\AM@pagebox=\box26
\AM@global@opts=\toks15
\AM@toc@title=\toks16
\c@AM@survey=\count90
\AM@templatesizebox=\box27
)
(Lecture9_printme.aux)
\openout1 = `Lecture9_printme.aux'.

LaTeX Font Info:    Checking defaults for OML/cmm/m/it on input line 3.
LaTeX Font Info:    ... okay on input line 3.
LaTeX Font Info:    Checking defaults for T1/cmr/m/n on input line 3.
LaTeX Font Info:    ... okay on input line 3.
LaTeX Font Info:    Checking defaults for OT1/cmr/m/n on input line 3.
LaTeX Font Info:    ... okay on input line 3.
LaTeX Font Info:    Checking defaults for OMS/cmsy/m/n on input line 3.
LaTeX Font Info:    ... okay on input line 3.
LaTeX Font Info:    Checking defaults for OMX/cmex/m/n on input line 3.
LaTeX Font Info:    ... okay on input line 3.
LaTeX Font Info:    Checking defaults for U/cmr/m/n on input line 3.
LaTeX Font Info:    ... okay on input line 3.
\AtBeginShipoutBox=\box28

("C:\Program Files (x86)\MiKTeX 2.9\tex\context\base\supp-pdf.mkii"
[Loading MPS to PDF converter (version 2006.09.02).]
\scratchcounter=\count91
\scratchdimen=\dimen109
\scratchbox=\box29
\nofMPsegments=\count92
\nofMParguments=\count93
\everyMPshowfont=\toks17
\MPscratchCnt=\count94
\MPscratchDim=\dimen110
\MPnumerator=\count95
\makeMPintoPDFobject=\count96
\everyMPtoPDFconversion=\toks18
) ("C:\Program Files (x86)\MiKTeX 2.9\tex\latex\oberdiek\epstopdf-base.sty"
Package: epstopdf-base 2016/05/15 v2.6 Base part for package epstopdf

("C:\Program Files (x86)\MiKTeX 2.9\tex\latex\oberdiek\grfext.sty"
Package: grfext 2016/05/16 v1.2 Manage graphics extensions (HO)

("C:\Program Files (x86)\MiKTeX 2.9\tex\generic\oberdiek\kvdefinekeys.sty"
Package: kvdefinekeys 2016/05/16 v1.4 Define keys (HO)
))
("C:\Program Files (x86)\MiKTeX 2.9\tex\latex\oberdiek\kvoptions.sty"
Package: kvoptions 2016/05/16 v3.12 Key value format for package options (HO)

("C:\Program Files (x86)\MiKTeX 2.9\tex\generic\oberdiek\kvsetkeys.sty"
Package: kvsetkeys 2016/05/16 v1.17 Key value parser (HO)

("C:\Program Files (x86)\MiKTeX 2.9\tex\generic\oberdiek\etexcmds.sty"
Package: etexcmds 2016/05/16 v1.6 Avoid name clashes with e-TeX commands (HO)

("C:\Program Files (x86)\MiKTeX 2.9\tex\generic\oberdiek\ifluatex.sty"
Package: ifluatex 2016/05/16 v1.4 Provides the ifluatex switch (HO)
Package ifluatex Info: LuaTeX not detected.
)
Package etexcmds Info: Could not find \expanded.
(etexcmds)             That can mean that you are not using pdfTeX 1.50 or
(etexcmds)             that some package has redefined \expanded.
(etexcmds)             In the latter case, load this package earlier.
)))
("C:\Program Files (x86)\MiKTeX 2.9\tex\generic\oberdiek\pdftexcmds.sty"
Package: pdftexcmds 2017/03/19 v0.25 Utility functions of pdfTeX for LuaTeX (HO
)
Package pdftexcmds Info: LuaTeX not detected.
Package pdftexcmds Info: \pdf@primitive is available.
Package pdftexcmds Info: \pdf@ifprimitive is available.
Package pdftexcmds Info: \pdfdraftmode found.
)
Package epstopdf-base Info: Redefining graphics rule for `.eps' on input line 4
38.
Package grfext Info: Graphics extension search list:
(grfext)             [.pdf,.png,.jpg,.mps,.jpeg,.jbig2,.jb2,.PDF,.PNG,.JPG,.JPE
G,.JBIG2,.JB2,.eps]
(grfext)             \AppendGraphicsExtensions on input line 456.
)
("C:\Program Files (x86)\MiKTeX 2.9\tex\latex\oberdiek\pdflscape.sty"
Package: pdflscape 2016/05/14 v0.11 Display of landscape pages in PDF (HO)

("C:\Program Files (x86)\MiKTeX 2.9\tex\latex\graphics\lscape.sty"
Package: lscape 2000/10/22 v3.01 Landscape Pages (DPC)
)
Package pdflscape Info: Auto-detected driver: pdftex on input line 81.

("C:\Program Files (x86)\MiKTeX 2.9\tex\generic\ifxetex\ifxetex.sty"
Package: ifxetex 2010/09/12 v0.6 Provides ifxetex conditional
))
<Lecture9a.pdf, id=1, pagebox=cropbox, 364.19562pt x 273.14648pt>
File: Lecture9a.pdf Graphic file (type pdf)
<use Lecture9a.pdf>
Package pdftex.def Info: Lecture9a.pdf  used on input line 6. on input line 6.
Package pdftex.def Info: Requested size: 364.19473pt x 273.14581pt on input lin
e 6.
File: Lecture9a.pdf Graphic file (type pdf)
<use Lecture9a.pdf>
Package pdftex.def Info: Lecture9a.pdf  used on input line 6. on input line 6.
Package pdftex.def Info: Requested size: 364.19473pt x 273.14581pt on input lin
e 6.
<Lecture9a.pdf, id=4, page=1, pagebox=cropbox, 364.19562pt x 273.14648pt>
File: Lecture9a.pdf Graphic file (type pdf)
<use Lecture9a.pdf, page 1>
Package pdftex.def Info: Lecture9a.pdf , page1 used on input line 6. on input l
ine 6.
Package pdftex.def Info: Requested size: 364.19473pt x 273.14581pt on input lin
e 6.
File: Lecture9a.pdf Graphic file (type pdf)
<use Lecture9a.pdf, page 1>
Package pdftex.def Info: Lecture9a.pdf , page1 used on input line 6. on input l
ine 6.
Package pdftex.def Info: Requested size: 364.19473pt x 273.14581pt on input lin
e 6.
File: Lecture9a.pdf Graphic file (type pdf)
<use Lecture9a.pdf, page 1>
Package pdftex.def Info: Lecture9a.pdf , page1 used on input line 6. on input l
ine 6.
Package pdftex.def Info: Requested size: 364.19473pt x 273.14581pt on input lin
e 6.
<Lecture9a.pdf, id=5, page=2, pagebox=cropbox, 364.19562pt x 273.14648pt>
File: Lecture9a.pdf Graphic file (type pdf)
<use Lecture9a.pdf, page 2>
Package pdftex.def Info: Lecture9a.pdf , page2 used on input line 6. on input l
ine 6.
Package pdftex.def Info: Requested size: 364.19473pt x 273.14581pt on input lin
e 6.
File: Lecture9a.pdf Graphic file (type pdf)
<use Lecture9a.pdf, page 2>
Package pdftex.def Info: Lecture9a.pdf , page2 used on input line 6. on input l
ine 6.
Package pdftex.def Info: Requested size: 364.19473pt x 273.14581pt on input lin
e 6.
<Lecture9a.pdf, id=6, page=3, pagebox=cropbox, 364.19562pt x 273.14648pt>
File: Lecture9a.pdf Graphic file (type pdf)
<use Lecture9a.pdf, page 3>
Package pdftex.def Info: Lecture9a.pdf , page3 used on input line 6. on input l
ine 6.
Package pdftex.def Info: Requested size: 364.19473pt x 273.14581pt on input lin
e 6.
File: Lecture9a.pdf Graphic file (type pdf)
<use Lecture9a.pdf, page 3>
Package pdftex.def Info: Lecture9a.pdf , page3 used on input line 6. on input l
ine 6.
Package pdftex.def Info: Requested size: 364.19473pt x 273.14581pt on input lin
e 6.
<Lecture9a.pdf, id=7, page=4, pagebox=cropbox, 364.19562pt x 273.14648pt>
File: Lecture9a.pdf Graphic file (type pdf)
<use Lecture9a.pdf, page 4>
Package pdftex.def Info: Lecture9a.pdf , page4 used on input line 6. on input l
ine 6.
Package pdftex.def Info: Requested size: 364.19473pt x 273.14581pt on input lin
e 6.
File: Lecture9a.pdf Graphic file (type pdf)
<use Lecture9a.pdf, page 4>
Package pdftex.def Info: Lecture9a.pdf , page4 used on input line 6. on input l
ine 6.
Package pdftex.def Info: Requested size: 364.19473pt x 273.14581pt on input lin
e 6.
File: Lecture9a.pdf Graphic file (type pdf)
<use Lecture9a.pdf, page 1>
Package pdftex.def Info: Lecture9a.pdf , page1 used on input line 6. on input l
ine 6.
Package pdftex.def Info: Requested size: 364.19473pt x 273.14581pt on input lin
e 6.
File: Lecture9a.pdf Graphic file (type pdf)
<use Lecture9a.pdf, page 2>
Package pdftex.def Info: Lecture9a.pdf , page2 used on input line 6. on input l
ine 6.
Package pdftex.def Info: Requested size: 364.19473pt x 273.14581pt on input lin
e 6.
File: Lecture9a.pdf Graphic file (type pdf)
<use Lecture9a.pdf, page 3>
Package pdftex.def Info: Lecture9a.pdf , page3 used on input line 6. on input l
ine 6.
Package pdftex.def Info: Requested size: 364.19473pt x 273.14581pt on input lin
e 6.
File: Lecture9a.pdf Graphic file (type pdf)
<use Lecture9a.pdf, page 4>
Package pdftex.def Info: Lecture9a.pdf , page4 used on input line 6. on input l
ine 6.
Package pdftex.def Info: Requested size: 364.19473pt x 273.14581pt on input lin
e 6.
 [1

 <./Lecture9a.pdf{C:/Users/spileggi/AppData/Local/MiKTeX/2.9/pdftex/config/pdft
ex.map}> <./Lecture9a.pdf> <./Lecture9a.pdf> <./Lecture9a.pdf>]
<Lecture9a.pdf, id=58, page=5, pagebox=cropbox, 364.19562pt x 273.14648pt>
File: Lecture9a.pdf Graphic file (type pdf)
<use Lecture9a.pdf, page 5>
Package pdftex.def Info: Lecture9a.pdf , page5 used on input line 6. on input l
ine 6.
Package pdftex.def Info: Requested size: 364.19473pt x 273.14581pt on input lin
e 6.
File: Lecture9a.pdf Graphic file (type pdf)
<use Lecture9a.pdf, page 5>
Package pdftex.def Info: Lecture9a.pdf , page5 used on input line 6. on input l
ine 6.
Package pdftex.def Info: Requested size: 364.19473pt x 273.14581pt on input lin
e 6.
<Lecture9a.pdf, id=59, page=6, pagebox=cropbox, 364.19562pt x 273.14648pt>
File: Lecture9a.pdf Graphic file (type pdf)
<use Lecture9a.pdf, page 6>
Package pdftex.def Info: Lecture9a.pdf , page6 used on input line 6. on input l
ine 6.
Package pdftex.def Info: Requested size: 364.19473pt x 273.14581pt on input lin
e 6.
File: Lecture9a.pdf Graphic file (type pdf)
<use Lecture9a.pdf, page 6>
Package pdftex.def Info: Lecture9a.pdf , page6 used on input line 6. on input l
ine 6.
Package pdftex.def Info: Requested size: 364.19473pt x 273.14581pt on input lin
e 6.
<Lecture9a.pdf, id=60, page=7, pagebox=cropbox, 364.19562pt x 273.14648pt>
File: Lecture9a.pdf Graphic file (type pdf)
<use Lecture9a.pdf, page 7>
Package pdftex.def Info: Lecture9a.pdf , page7 used on input line 6. on input l
ine 6.
Package pdftex.def Info: Requested size: 364.19473pt x 273.14581pt on input lin
e 6.
File: Lecture9a.pdf Graphic file (type pdf)
<use Lecture9a.pdf, page 7>
Package pdftex.def Info: Lecture9a.pdf , page7 used on input line 6. on input l
ine 6.
Package pdftex.def Info: Requested size: 364.19473pt x 273.14581pt on input lin
e 6.
<Lecture9a.pdf, id=61, page=8, pagebox=cropbox, 364.19562pt x 273.14648pt>
File: Lecture9a.pdf Graphic file (type pdf)
<use Lecture9a.pdf, page 8>
Package pdftex.def Info: Lecture9a.pdf , page8 used on input line 6. on input l
ine 6.
Package pdftex.def Info: Requested size: 364.19473pt x 273.14581pt on input lin
e 6.
File: Lecture9a.pdf Graphic file (type pdf)
<use Lecture9a.pdf, page 8>
Package pdftex.def Info: Lecture9a.pdf , page8 used on input line 6. on input l
ine 6.
Package pdftex.def Info: Requested size: 364.19473pt x 273.14581pt on input lin
e 6.
File: Lecture9a.pdf Graphic file (type pdf)
<use Lecture9a.pdf, page 5>
Package pdftex.def Info: Lecture9a.pdf , page5 used on input line 6. on input l
ine 6.
Package pdftex.def Info: Requested size: 364.19473pt x 273.14581pt on input lin
e 6.
File: Lecture9a.pdf Graphic file (type pdf)
<use Lecture9a.pdf, page 6>
Package pdftex.def Info: Lecture9a.pdf , page6 used on input line 6. on input l
ine 6.
Package pdftex.def Info: Requested size: 364.19473pt x 273.14581pt on input lin
e 6.
File: Lecture9a.pdf Graphic file (type pdf)
<use Lecture9a.pdf, page 7>
Package pdftex.def Info: Lecture9a.pdf , page7 used on input line 6. on input l
ine 6.
Package pdftex.def Info: Requested size: 364.19473pt x 273.14581pt on input lin
e 6.
File: Lecture9a.pdf Graphic file (type pdf)
<use Lecture9a.pdf, page 8>
Package pdftex.def Info: Lecture9a.pdf , page8 used on input line 6. on input l
ine 6.
Package pdftex.def Info: Requested size: 364.19473pt x 273.14581pt on input lin
e 6.
 [2 <./Lecture9a.pdf> <./Lecture9a.pdf> <./Lecture9a.pdf> <./Lecture9a.pdf>]
<Lecture9a.pdf, id=93, page=9, pagebox=cropbox, 364.19562pt x 273.14648pt>
File: Lecture9a.pdf Graphic file (type pdf)
<use Lecture9a.pdf, page 9>
Package pdftex.def Info: Lecture9a.pdf , page9 used on input line 6. on input l
ine 6.
Package pdftex.def Info: Requested size: 364.19473pt x 273.14581pt on input lin
e 6.
File: Lecture9a.pdf Graphic file (type pdf)
<use Lecture9a.pdf, page 9>
Package pdftex.def Info: Lecture9a.pdf , page9 used on input line 6. on input l
ine 6.
Package pdftex.def Info: Requested size: 364.19473pt x 273.14581pt on input lin
e 6.
<Lecture9a.pdf, id=94, page=10, pagebox=cropbox, 364.19562pt x 273.14648pt>
File: Lecture9a.pdf Graphic file (type pdf)
<use Lecture9a.pdf, page 10>
Package pdftex.def Info: Lecture9a.pdf , page10 used on input line 6. on input 
line 6.
Package pdftex.def Info: Requested size: 364.19473pt x 273.14581pt on input lin
e 6.
File: Lecture9a.pdf Graphic file (type pdf)
<use Lecture9a.pdf, page 10>
Package pdftex.def Info: Lecture9a.pdf , page10 used on input line 6. on input 
line 6.
Package pdftex.def Info: Requested size: 364.19473pt x 273.14581pt on input lin
e 6.
<Lecture9a.pdf, id=95, page=11, pagebox=cropbox, 364.19562pt x 273.14648pt>
File: Lecture9a.pdf Graphic file (type pdf)
<use Lecture9a.pdf, page 11>
Package pdftex.def Info: Lecture9a.pdf , page11 used on input line 6. on input 
line 6.
Package pdftex.def Info: Requested size: 364.19473pt x 273.14581pt on input lin
e 6.
File: Lecture9a.pdf Graphic file (type pdf)
<use Lecture9a.pdf, page 11>
Package pdftex.def Info: Lecture9a.pdf , page11 used on input line 6. on input 
line 6.
Package pdftex.def Info: Requested size: 364.19473pt x 273.14581pt on input lin
e 6.
<Lecture9a.pdf, id=96, page=12, pagebox=cropbox, 364.19562pt x 273.14648pt>
File: Lecture9a.pdf Graphic file (type pdf)
<use Lecture9a.pdf, page 12>
Package pdftex.def Info: Lecture9a.pdf , page12 used on input line 6. on input 
line 6.
Package pdftex.def Info: Requested size: 364.19473pt x 273.14581pt on input lin
e 6.
File: Lecture9a.pdf Graphic file (type pdf)
<use Lecture9a.pdf, page 12>
Package pdftex.def Info: Lecture9a.pdf , page12 used on input line 6. on input 
line 6.
Package pdftex.def Info: Requested size: 364.19473pt x 273.14581pt on input lin
e 6.
File: Lecture9a.pdf Graphic file (type pdf)
<use Lecture9a.pdf, page 9>
Package pdftex.def Info: Lecture9a.pdf , page9 used on input line 6. on input l
ine 6.
Package pdftex.def Info: Requested size: 364.19473pt x 273.14581pt on input lin
e 6.
File: Lecture9a.pdf Graphic file (type pdf)
<use Lecture9a.pdf, page 10>
Package pdftex.def Info: Lecture9a.pdf , page10 used on input line 6. on input 
line 6.
Package pdftex.def Info: Requested size: 364.19473pt x 273.14581pt on input lin
e 6.
File: Lecture9a.pdf Graphic file (type pdf)
<use Lecture9a.pdf, page 11>
Package pdftex.def Info: Lecture9a.pdf , page11 used on input line 6. on input 
line 6.
Package pdftex.def Info: Requested size: 364.19473pt x 273.14581pt on input lin
e 6.
File: Lecture9a.pdf Graphic file (type pdf)
<use Lecture9a.pdf, page 12>
Package pdftex.def Info: Lecture9a.pdf , page12 used on input line 6. on input 
line 6.
Package pdftex.def Info: Requested size: 364.19473pt x 273.14581pt on input lin
e 6.
 [3 <./Lecture9a.pdf> <./Lecture9a.pdf> <./Lecture9a.pdf> <./Lecture9a.pdf>]
<Lecture9a.pdf, id=132, page=13, pagebox=cropbox, 364.19562pt x 273.14648pt>
File: Lecture9a.pdf Graphic file (type pdf)
<use Lecture9a.pdf, page 13>
Package pdftex.def Info: Lecture9a.pdf , page13 used on input line 6. on input 
line 6.
Package pdftex.def Info: Requested size: 364.19473pt x 273.14581pt on input lin
e 6.
File: Lecture9a.pdf Graphic file (type pdf)
<use Lecture9a.pdf, page 13>
Package pdftex.def Info: Lecture9a.pdf , page13 used on input line 6. on input 
line 6.
Package pdftex.def Info: Requested size: 364.19473pt x 273.14581pt on input lin
e 6.
<Lecture9a.pdf, id=133, page=14, pagebox=cropbox, 364.19562pt x 273.14648pt>
File: Lecture9a.pdf Graphic file (type pdf)
<use Lecture9a.pdf, page 14>
Package pdftex.def Info: Lecture9a.pdf , page14 used on input line 6. on input 
line 6.
Package pdftex.def Info: Requested size: 364.19473pt x 273.14581pt on input lin
e 6.
File: Lecture9a.pdf Graphic file (type pdf)
<use Lecture9a.pdf, page 14>
Package pdftex.def Info: Lecture9a.pdf , page14 used on input line 6. on input 
line 6.
Package pdftex.def Info: Requested size: 364.19473pt x 273.14581pt on input lin
e 6.
<Lecture9a.pdf, id=134, page=15, pagebox=cropbox, 364.19562pt x 273.14648pt>
File: Lecture9a.pdf Graphic file (type pdf)
<use Lecture9a.pdf, page 15>
Package pdftex.def Info: Lecture9a.pdf , page15 used on input line 6. on input 
line 6.
Package pdftex.def Info: Requested size: 364.19473pt x 273.14581pt on input lin
e 6.
File: Lecture9a.pdf Graphic file (type pdf)
<use Lecture9a.pdf, page 15>
Package pdftex.def Info: Lecture9a.pdf , page15 used on input line 6. on input 
line 6.
Package pdftex.def Info: Requested size: 364.19473pt x 273.14581pt on input lin
e 6.
<Lecture9a.pdf, id=135, page=16, pagebox=cropbox, 364.19562pt x 273.14648pt>
File: Lecture9a.pdf Graphic file (type pdf)
<use Lecture9a.pdf, page 16>
Package pdftex.def Info: Lecture9a.pdf , page16 used on input line 6. on input 
line 6.
Package pdftex.def Info: Requested size: 364.19473pt x 273.14581pt on input lin
e 6.
File: Lecture9a.pdf Graphic file (type pdf)
<use Lecture9a.pdf, page 16>
Package pdftex.def Info: Lecture9a.pdf , page16 used on input line 6. on input 
line 6.
Package pdftex.def Info: Requested size: 364.19473pt x 273.14581pt on input lin
e 6.
File: Lecture9a.pdf Graphic file (type pdf)
<use Lecture9a.pdf, page 13>
Package pdftex.def Info: Lecture9a.pdf , page13 used on input line 6. on input 
line 6.
Package pdftex.def Info: Requested size: 364.19473pt x 273.14581pt on input lin
e 6.
File: Lecture9a.pdf Graphic file (type pdf)
<use Lecture9a.pdf, page 14>
Package pdftex.def Info: Lecture9a.pdf , page14 used on input line 6. on input 
line 6.
Package pdftex.def Info: Requested size: 364.19473pt x 273.14581pt on input lin
e 6.
File: Lecture9a.pdf Graphic file (type pdf)
<use Lecture9a.pdf, page 15>
Package pdftex.def Info: Lecture9a.pdf , page15 used on input line 6. on input 
line 6.
Package pdftex.def Info: Requested size: 364.19473pt x 273.14581pt on input lin
e 6.
File: Lecture9a.pdf Graphic file (type pdf)
<use Lecture9a.pdf, page 16>
Package pdftex.def Info: Lecture9a.pdf , page16 used on input line 6. on input 
line 6.
Package pdftex.def Info: Requested size: 364.19473pt x 273.14581pt on input lin
e 6.
 [4 <./Lecture9a.pdf> <./Lecture9a.pdf> <./Lecture9a.pdf> <./Lecture9a.pdf>]
<Lecture9a.pdf, id=171, page=17, pagebox=cropbox, 364.19562pt x 273.14648pt>
File: Lecture9a.pdf Graphic file (type pdf)
<use Lecture9a.pdf, page 17>
Package pdftex.def Info: Lecture9a.pdf , page17 used on input line 6. on input 
line 6.
Package pdftex.def Info: Requested size: 364.19473pt x 273.14581pt on input lin
e 6.
File: Lecture9a.pdf Graphic file (type pdf)
<use Lecture9a.pdf, page 17>
Package pdftex.def Info: Lecture9a.pdf , page17 used on input line 6. on input 
line 6.
Package pdftex.def Info: Requested size: 364.19473pt x 273.14581pt on input lin
e 6.
<Lecture9a.pdf, id=172, page=18, pagebox=cropbox, 364.19562pt x 273.14648pt>
File: Lecture9a.pdf Graphic file (type pdf)
<use Lecture9a.pdf, page 18>
Package pdftex.def Info: Lecture9a.pdf , page18 used on input line 6. on input 
line 6.
Package pdftex.def Info: Requested size: 364.19473pt x 273.14581pt on input lin
e 6.
File: Lecture9a.pdf Graphic file (type pdf)
<use Lecture9a.pdf, page 18>
Package pdftex.def Info: Lecture9a.pdf , page18 used on input line 6. on input 
line 6.
Package pdftex.def Info: Requested size: 364.19473pt x 273.14581pt on input lin
e 6.
<Lecture9a.pdf, id=173, page=19, pagebox=cropbox, 364.19562pt x 273.14648pt>
File: Lecture9a.pdf Graphic file (type pdf)
<use Lecture9a.pdf, page 19>
Package pdftex.def Info: Lecture9a.pdf , page19 used on input line 6. on input 
line 6.
Package pdftex.def Info: Requested size: 364.19473pt x 273.14581pt on input lin
e 6.
File: Lecture9a.pdf Graphic file (type pdf)
<use Lecture9a.pdf, page 19>
Package pdftex.def Info: Lecture9a.pdf , page19 used on input line 6. on input 
line 6.
Package pdftex.def Info: Requested size: 364.19473pt x 273.14581pt on input lin
e 6.
<Lecture9a.pdf, id=174, page=20, pagebox=cropbox, 364.19562pt x 273.14648pt>
File: Lecture9a.pdf Graphic file (type pdf)
<use Lecture9a.pdf, page 20>
Package pdftex.def Info: Lecture9a.pdf , page20 used on input line 6. on input 
line 6.
Package pdftex.def Info: Requested size: 364.19473pt x 273.14581pt on input lin
e 6.
File: Lecture9a.pdf Graphic file (type pdf)
<use Lecture9a.pdf, page 20>
Package pdftex.def Info: Lecture9a.pdf , page20 used on input line 6. on input 
line 6.
Package pdftex.def Info: Requested size: 364.19473pt x 273.14581pt on input lin
e 6.
File: Lecture9a.pdf Graphic file (type pdf)
<use Lecture9a.pdf, page 17>
Package pdftex.def Info: Lecture9a.pdf , page17 used on input line 6. on input 
line 6.
Package pdftex.def Info: Requested size: 364.19473pt x 273.14581pt on input lin
e 6.
File: Lecture9a.pdf Graphic file (type pdf)
<use Lecture9a.pdf, page 18>
Package pdftex.def Info: Lecture9a.pdf , page18 used on input line 6. on input 
line 6.
Package pdftex.def Info: Requested size: 364.19473pt x 273.14581pt on input lin
e 6.
File: Lecture9a.pdf Graphic file (type pdf)
<use Lecture9a.pdf, page 19>
Package pdftex.def Info: Lecture9a.pdf , page19 used on input line 6. on input 
line 6.
Package pdftex.def Info: Requested size: 364.19473pt x 273.14581pt on input lin
e 6.
File: Lecture9a.pdf Graphic file (type pdf)
<use Lecture9a.pdf, page 20>
Package pdftex.def Info: Lecture9a.pdf , page20 used on input line 6. on input 
line 6.
Package pdftex.def Info: Requested size: 364.19473pt x 273.14581pt on input lin
e 6.
 [5 <./Lecture9a.pdf> <./Lecture9a.pdf> <./Lecture9a.pdf> <./Lecture9a.pdf>]
<Lecture9a.pdf, id=194, page=21, pagebox=cropbox, 364.19562pt x 273.14648pt>
File: Lecture9a.pdf Graphic file (type pdf)
<use Lecture9a.pdf, page 21>
Package pdftex.def Info: Lecture9a.pdf , page21 used on input line 6. on input 
line 6.
Package pdftex.def Info: Requested size: 364.19473pt x 273.14581pt on input lin
e 6.
File: Lecture9a.pdf Graphic file (type pdf)
<use Lecture9a.pdf, page 21>
Package pdftex.def Info: Lecture9a.pdf , page21 used on input line 6. on input 
line 6.
Package pdftex.def Info: Requested size: 364.19473pt x 273.14581pt on input lin
e 6.
File: Lecture9a.pdf Graphic file (type pdf)
<use Lecture9a.pdf, page 1>
Package pdftex.def Info: Lecture9a.pdf , page1 used on input line 6. on input l
ine 6.
Package pdftex.def Info: Requested size: 364.19473pt x 273.14581pt on input lin
e 6.
File: Lecture9a.pdf Graphic file (type pdf)
<use Lecture9a.pdf, page 1>
Package pdftex.def Info: Lecture9a.pdf , page1 used on input line 6. on input l
ine 6.
Package pdftex.def Info: Requested size: 364.19473pt x 273.14581pt on input lin
e 6.
File: Lecture9a.pdf Graphic file (type pdf)
<use Lecture9a.pdf, page 1>
Package pdftex.def Info: Lecture9a.pdf , page1 used on input line 6. on input l
ine 6.
Package pdftex.def Info: Requested size: 364.19473pt x 273.14581pt on input lin
e 6.
File: Lecture9a.pdf Graphic file (type pdf)
<use Lecture9a.pdf, page 1>
Package pdftex.def Info: Lecture9a.pdf , page1 used on input line 6. on input l
ine 6.
Package pdftex.def Info: Requested size: 364.19473pt x 273.14581pt on input lin
e 6.
File: Lecture9a.pdf Graphic file (type pdf)
<use Lecture9a.pdf, page 1>
Package pdftex.def Info: Lecture9a.pdf , page1 used on input line 6. on input l
ine 6.
Package pdftex.def Info: Requested size: 364.19473pt x 273.14581pt on input lin
e 6.
File: Lecture9a.pdf Graphic file (type pdf)
<use Lecture9a.pdf, page 1>
Package pdftex.def Info: Lecture9a.pdf , page1 used on input line 6. on input l
ine 6.
Package pdftex.def Info: Requested size: 364.19473pt x 273.14581pt on input lin
e 6.
File: Lecture9a.pdf Graphic file (type pdf)
<use Lecture9a.pdf, page 21>
Package pdftex.def Info: Lecture9a.pdf , page21 used on input line 6. on input 
line 6.
Package pdftex.def Info: Requested size: 364.19473pt x 273.14581pt on input lin
e 6.
 [6 <./Lecture9a.pdf>]
(Lecture9_printme.aux) ) 
Here is how much of TeX's memory you used:
 2785 strings out of 493352
 41384 string characters out of 3137159
 103816 words of memory out of 3000000
 6299 multiletter control sequences out of 15000+200000
 3640 words of font info for 14 fonts, out of 3000000 for 9000
 1127 hyphenation exceptions out of 8191
 41i,19n,47p,285b,449s stack positions out of 5000i,500n,10000p,200000b,50000s
<C:/Program Files (x86)/MiKTeX 2.9/fonts/type1/public/a
msfonts/cm/cmss10.pfb><C:/Program Files (x86)/MiKTeX 2.9/fonts/type1/public/ams
fonts/cm/cmss12.pfb><C:/Program Files (x86)/MiKTeX 2.9/fonts/type1/public/amsfo
nts/cm/cmss8.pfb><C:/Program Files (x86)/MiKTeX 2.9/fonts/type1/public/amsfonts
/cm/cmss9.pfb><C:/Program Files (x86)/MiKTeX 2.9/fonts/type1/public/amsfonts/cm
/cmssbx10.pfb><C:/Program Files (x86)/MiKTeX 2.9/fonts/type1/public/amsfonts/cm
/cmssi10.pfb><C:/Program Files (x86)/MiKTeX 2.9/fonts/type1/public/amsfonts/cm/
cmtt10.pfb><C:/Program Files (x86)/MiKTeX 2.9/fonts/type1/public/amsfonts/cm/cm
tt12.pfb><C:/Program Files (x86)/MiKTeX 2.9/fonts/type1/public/amsfonts/cm/cmtt
9.pfb><C:/Program Files (x86)/MiKTeX 2.9/fonts/type1/public/amsfonts/symbols/ms
am10.pfb><C:/Program Files (x86)/MiKTeX 2.9/fonts/type1/public/amsfonts/symbols
/msam7.pfb>
Output written on Lecture9_printme.pdf (6 pages, 1199295 bytes).
PDF statistics:
 226 PDF objects out of 1000 (max. 8388607)
 0 named destinations out of 1000 (max. 500000)
 121 words of extra memory for PDF output out of 10000 (max. 10000000)

